<?xml version="1.0" encoding="UTF-8"?>
<testsuite name="BowlingGameTest" tests="9" skipped="0" failures="0" errors="0" timestamp="2024-10-17T00:58:52" hostname="DESKTOP-2NON767" time="0.046">
  <properties/>
  <testcase name="whenPlayerRollsLessThanZeroPinsAndError()" classname="BowlingGameTest" time="0.014"/>
  <testcase name="whenPlayerRollsSpareAndGetBonus()" classname="BowlingGameTest" time="0.011"/>
  <testcase name="whenPlayerRollsMoreThanTenPinsForPlateAndError()" classname="BowlingGameTest" time="0.001"/>
  <testcase name="whenPlayerRollsMoreThanTenPinsAndError()" classname="BowlingGameTest" time="0.001"/>
  <testcase name="whenPlayerRollsOnePinAndGetOnePoint()" classname="BowlingGameTest" time="0.001"/>
  <testcase name="whenPlayerRollsStrikeAllAndGetBonus()" classname="BowlingGameTest" time="0.01"/>
  <testcase name="whenPlayerRollsStrikeAndGetBonus()" classname="BowlingGameTest" time="0.0"/>
  <testcase name="whenPlayerRollsZeroPinAndGetZeroPoint()" classname="BowlingGameTest" time="0.002"/>
  <testcase name="whenPlayerRollsLessThanZeroPinsForPlateAndError()" classname="BowlingGameTest" time="0.001"/>
  <system-out><![CDATA[Now:9
0 0
0 11
0 1
0 0
0 0
0 0
0 0
0 0
0 0
0 0
0 0
0 0
Now:9
0 0
0 1
0 0
0 0
0 0
0 0
0 0
0 0
0 0
0 0
0 0
0 0
Now:1
0 0
0 10
0 0
0 0
0 0
0 0
0 0
0 0
0 0
0 0
0 0
0 0
10
Now:2
0 0
0 20
0 10
0 0
0 0
0 0
0 0
0 0
0 0
0 0
0 0
0 0
30
Now:3
0 0
0 30
0 20
0 10
0 0
0 0
0 0
0 0
0 0
0 0
0 0
0 0
60
Now:4
0 0
0 30
0 30
0 20
0 10
0 0
0 0
0 0
0 0
0 0
0 0
0 0
90
Now:5
0 0
0 30
0 30
0 30
0 20
0 10
0 0
0 0
0 0
0 0
0 0
0 0
120
Now:6
0 0
0 30
0 30
0 30
0 30
0 20
0 10
0 0
0 0
0 0
0 0
0 0
150
Now:7
0 0
0 30
0 30
0 30
0 30
0 30
0 20
0 10
0 0
0 0
0 0
0 0
180
Now:8
0 0
0 30
0 30
0 30
0 30
0 30
0 30
0 20
0 10
0 0
0 0
0 0
210
Now:9
0 0
0 30
0 30
0 30
0 30
0 30
0 30
0 30
0 20
0 10
0 0
0 0
240
Now:10
0 0
0 30
0 30
0 30
0 30
0 30
0 30
0 30
0 30
0 20
0 0
0 0
260
Now:10
0 0
0 30
0 30
0 30
0 30
0 30
0 30
0 30
0 30
0 30
0 10
0 0
280
Now:10
0 0
0 30
0 30
0 30
0 30
0 30
0 30
0 30
0 30
0 40
0 20
0 0
300
Now:10
0 0
0 30
0 30
0 30
0 30
0 30
0 30
0 30
0 30
0 40
0 20
0 0
Now:9
0 0
0 12
0 2
0 0
0 0
0 0
0 0
0 0
0 0
0 0
0 0
0 0
Now:9
0 0
0 0
0 0
0 0
0 0
0 0
0 0
0 0
0 0
0 0
0 0
0 0
]]></system-out>
  <system-err><![CDATA[]]></system-err>
</testsuite>
